[11/12/2023 06:51:34 p. m. -06:00] Information: "Now listening on: {address}"
address = "https://localhost:7126"
EventId = { Id: 14, Name: "ListeningOnAddress" }
SourceContext = "Microsoft.Hosting.Lifetime"

[11/12/2023 06:51:34 p. m. -06:00] Information: "Now listening on: {address}"
address = "http://localhost:5126"
EventId = { Id: 14, Name: "ListeningOnAddress" }
SourceContext = "Microsoft.Hosting.Lifetime"

[11/12/2023 06:51:34 p. m. -06:00] Information: "Application started. Press Ctrl+C to shut down."
SourceContext = "Microsoft.Hosting.Lifetime"

[11/12/2023 06:51:34 p. m. -06:00] Information: "Hosting environment: {envName}"
envName = "QA"
SourceContext = "Microsoft.Hosting.Lifetime"

[11/12/2023 06:51:34 p. m. -06:00] Information: "Content root path: {contentRoot}"
contentRoot = "C:\Refactor\PortalPropiedadesBackend\backend_marketplace\"
SourceContext = "Microsoft.Hosting.Lifetime"

[11/12/2023 06:52:00 p. m. -06:00] Warning: "No store type was specified for the decimal property '{property}' on entity type '{entityType}'. This will cause values to be silently truncated if they do not fit in the default precision and scale. Explicitly specify the SQL server column type that can accommodate all the values in 'OnModelCreating' using 'HasColumnType', specify precision and scale using 'HasPrecision', or configure a value converter using 'HasConversion'."
property = "Price"
entityType = "SP_Get_Properties_Filter"
EventId = { Id: 30000, Name: "Microsoft.EntityFrameworkCore.Model.Validation.DecimalTypeDefaultWarning" }
SourceContext = "Microsoft.EntityFrameworkCore.Model.Validation"
ActionId = "1a5cb70a-c0b9-4aa9-a264-a2ad61e3bc9e"
ActionName = "backend_marketplace.Controllers.PropertiesController.RangeProperties (backend_marketplace)"
RequestId = "0HMVQLHUKG21M:00000001"
RequestPath = "/api/properties/range"
ConnectionId = "0HMVQLHUKG21M"

[11/12/2023 06:52:04 p. m. -06:00] Information: "Ingreso al api range"
SourceContext = "backend_marketplace.Controllers.PropertiesController"
ActionId = "1a5cb70a-c0b9-4aa9-a264-a2ad61e3bc9e"
ActionName = "backend_marketplace.Controllers.PropertiesController.RangeProperties (backend_marketplace)"
RequestId = "0HMVQLHUKG21M:00000001"
RequestPath = "/api/properties/range"
ConnectionId = "0HMVQLHUKG21M"

[11/12/2023 06:52:42 p. m. -06:00] Information: "Se obtiene Lista de propiedades"
SourceContext = "BusinessLogic.Services.PropertiesService"
ActionId = "1a5cb70a-c0b9-4aa9-a264-a2ad61e3bc9e"
ActionName = "backend_marketplace.Controllers.PropertiesController.RangeProperties (backend_marketplace)"
RequestId = "0HMVQLHUKG21M:00000001"
RequestPath = "/api/properties/range"
ConnectionId = "0HMVQLHUKG21M"

[11/12/2023 06:52:42 p. m. -06:00] Information: "Número de Propiedades obtenidas 174"
SourceContext = "BusinessLogic.Services.PropertiesService"
ActionId = "1a5cb70a-c0b9-4aa9-a264-a2ad61e3bc9e"
ActionName = "backend_marketplace.Controllers.PropertiesController.RangeProperties (backend_marketplace)"
RequestId = "0HMVQLHUKG21M:00000001"
RequestPath = "/api/properties/range"
ConnectionId = "0HMVQLHUKG21M"

[11/12/2023 06:52:42 p. m. -06:00] Information: "Inicia mapeo de propiedades 11/12/2023 06:52:42 p. m."
SourceContext = "BusinessLogic.Services.PropertiesService"
ActionId = "1a5cb70a-c0b9-4aa9-a264-a2ad61e3bc9e"
ActionName = "backend_marketplace.Controllers.PropertiesController.RangeProperties (backend_marketplace)"
RequestId = "0HMVQLHUKG21M:00000001"
RequestPath = "/api/properties/range"
ConnectionId = "0HMVQLHUKG21M"

[11/12/2023 06:52:44 p. m. -06:00] Information: "Finaliza mapeo de propiedades"
SourceContext = "BusinessLogic.Services.PropertiesService"
ActionId = "1a5cb70a-c0b9-4aa9-a264-a2ad61e3bc9e"
ActionName = "backend_marketplace.Controllers.PropertiesController.RangeProperties (backend_marketplace)"
RequestId = "0HMVQLHUKG21M:00000001"
RequestPath = "/api/properties/range"
ConnectionId = "0HMVQLHUKG21M"

[11/12/2023 06:52:44 p. m. -06:00] Information: "Se inicia obtencion de token servicio isi"
SourceContext = "BusinessLogic.Services.PropertiesService"
ActionId = "1a5cb70a-c0b9-4aa9-a264-a2ad61e3bc9e"
ActionName = "backend_marketplace.Controllers.PropertiesController.RangeProperties (backend_marketplace)"
RequestId = "0HMVQLHUKG21M:00000001"
RequestPath = "/api/properties/range"
ConnectionId = "0HMVQLHUKG21M"

[11/12/2023 06:52:44 p. m. -06:00] Information: "Se obtiene de token servicio isi"
SourceContext = "BusinessLogic.Services.PropertiesService"
ActionId = "1a5cb70a-c0b9-4aa9-a264-a2ad61e3bc9e"
ActionName = "backend_marketplace.Controllers.PropertiesController.RangeProperties (backend_marketplace)"
RequestId = "0HMVQLHUKG21M:00000001"
RequestPath = "/api/properties/range"
ConnectionId = "0HMVQLHUKG21M"

[11/12/2023 06:52:44 p. m. -06:00] Information: "Inicia obtención de status de credito"
SourceContext = "BusinessLogic.Services.PropertiesService"
ActionId = "1a5cb70a-c0b9-4aa9-a264-a2ad61e3bc9e"
ActionName = "backend_marketplace.Controllers.PropertiesController.RangeProperties (backend_marketplace)"
RequestId = "0HMVQLHUKG21M:00000001"
RequestPath = "/api/properties/range"
ConnectionId = "0HMVQLHUKG21M"

[11/12/2023 06:52:55 p. m. -06:00] Information: "Propiedad no encontrada en isi 2111"
SourceContext = "BusinessLogic.Services.AzureBlobService"
ActionId = "1a5cb70a-c0b9-4aa9-a264-a2ad61e3bc9e"
ActionName = "backend_marketplace.Controllers.PropertiesController.RangeProperties (backend_marketplace)"
RequestId = "0HMVQLHUKG21M:00000001"
RequestPath = "/api/properties/range"
ConnectionId = "0HMVQLHUKG21M"

[11/12/2023 06:52:57 p. m. -06:00] Error: "Response status code does not indicate success: 422 (Unprocessable Entity)."
SourceContext = "BusinessLogic.Services.AzureBlobService"
ActionId = "1a5cb70a-c0b9-4aa9-a264-a2ad61e3bc9e"
ActionName = "backend_marketplace.Controllers.PropertiesController.RangeProperties (backend_marketplace)"
RequestId = "0HMVQLHUKG21M:00000001"
RequestPath = "/api/properties/range"
ConnectionId = "0HMVQLHUKG21M"

[11/12/2023 06:52:57 p. m. -06:00] Error: "Response status code does not indicate success: 422 (Unprocessable Entity)."
SourceContext = "BusinessLogic.Services.AzureBlobService"
ActionId = "1a5cb70a-c0b9-4aa9-a264-a2ad61e3bc9e"
ActionName = "backend_marketplace.Controllers.PropertiesController.RangeProperties (backend_marketplace)"
RequestId = "0HMVQLHUKG21M:00000001"
RequestPath = "/api/properties/range"
ConnectionId = "0HMVQLHUKG21M"

[11/12/2023 06:52:57 p. m. -06:00] Error: "Response status code does not indicate success: 422 (Unprocessable Entity)."
SourceContext = "BusinessLogic.Services.AzureBlobService"
ActionId = "1a5cb70a-c0b9-4aa9-a264-a2ad61e3bc9e"
ActionName = "backend_marketplace.Controllers.PropertiesController.RangeProperties (backend_marketplace)"
RequestId = "0HMVQLHUKG21M:00000001"
RequestPath = "/api/properties/range"
ConnectionId = "0HMVQLHUKG21M"

[11/12/2023 06:52:57 p. m. -06:00] Error: "Response status code does not indicate success: 422 (Unprocessable Entity)."
SourceContext = "BusinessLogic.Services.AzureBlobService"
ActionId = "1a5cb70a-c0b9-4aa9-a264-a2ad61e3bc9e"
ActionName = "backend_marketplace.Controllers.PropertiesController.RangeProperties (backend_marketplace)"
RequestId = "0HMVQLHUKG21M:00000001"
RequestPath = "/api/properties/range"
ConnectionId = "0HMVQLHUKG21M"

[11/12/2023 06:52:57 p. m. -06:00] Error: "Response status code does not indicate success: 422 (Unprocessable Entity)."
SourceContext = "BusinessLogic.Services.AzureBlobService"
ActionId = "1a5cb70a-c0b9-4aa9-a264-a2ad61e3bc9e"
ActionName = "backend_marketplace.Controllers.PropertiesController.RangeProperties (backend_marketplace)"
RequestId = "0HMVQLHUKG21M:00000001"
RequestPath = "/api/properties/range"
ConnectionId = "0HMVQLHUKG21M"

[11/12/2023 06:52:57 p. m. -06:00] Error: "Response status code does not indicate success: 422 (Unprocessable Entity)."
SourceContext = "BusinessLogic.Services.AzureBlobService"
ActionId = "1a5cb70a-c0b9-4aa9-a264-a2ad61e3bc9e"
ActionName = "backend_marketplace.Controllers.PropertiesController.RangeProperties (backend_marketplace)"
RequestId = "0HMVQLHUKG21M:00000001"
RequestPath = "/api/properties/range"
ConnectionId = "0HMVQLHUKG21M"

[11/12/2023 06:53:00 p. m. -06:00] Information: "Finaliza obtención de status de credito 11/12/2023 06:53:00 p. m."
SourceContext = "BusinessLogic.Services.PropertiesService"
ActionId = "1a5cb70a-c0b9-4aa9-a264-a2ad61e3bc9e"
ActionName = "backend_marketplace.Controllers.PropertiesController.RangeProperties (backend_marketplace)"
RequestId = "0HMVQLHUKG21M:00000001"
RequestPath = "/api/properties/range"
ConnectionId = "0HMVQLHUKG21M"

[11/12/2023 06:53:00 p. m. -06:00] Information: "****OK 11/12/2023 06:53:00 p. m."
SourceContext = "BusinessLogic.Services.PropertiesService"
ActionId = "1a5cb70a-c0b9-4aa9-a264-a2ad61e3bc9e"
ActionName = "backend_marketplace.Controllers.PropertiesController.RangeProperties (backend_marketplace)"
RequestId = "0HMVQLHUKG21M:00000001"
RequestPath = "/api/properties/range"
ConnectionId = "0HMVQLHUKG21M"

[11/12/2023 06:53:00 p. m. -06:00] Information: "HTTP {RequestMethod} {RequestPath} responded {StatusCode} in {Elapsed:0.0000} ms"
RequestMethod = "POST"
RequestPath = "/api/properties/range"
StatusCode = 200
Elapsed = 62628.0709
SourceContext = "Serilog.AspNetCore.RequestLoggingMiddleware"

[11/12/2023 06:55:59 p. m. -06:00] Information: "Now listening on: {address}"
address = "https://localhost:7126"
EventId = { Id: 14, Name: "ListeningOnAddress" }
SourceContext = "Microsoft.Hosting.Lifetime"

[11/12/2023 06:56:00 p. m. -06:00] Information: "Now listening on: {address}"
address = "http://localhost:5126"
EventId = { Id: 14, Name: "ListeningOnAddress" }
SourceContext = "Microsoft.Hosting.Lifetime"

[11/12/2023 06:56:00 p. m. -06:00] Information: "Application started. Press Ctrl+C to shut down."
SourceContext = "Microsoft.Hosting.Lifetime"

[11/12/2023 06:56:00 p. m. -06:00] Information: "Hosting environment: {envName}"
envName = "QA"
SourceContext = "Microsoft.Hosting.Lifetime"

[11/12/2023 06:56:00 p. m. -06:00] Information: "Content root path: {contentRoot}"
contentRoot = "C:\Refactor\PortalPropiedadesBackend\backend_marketplace\"
SourceContext = "Microsoft.Hosting.Lifetime"

[11/12/2023 06:56:08 p. m. -06:00] Warning: "No store type was specified for the decimal property '{property}' on entity type '{entityType}'. This will cause values to be silently truncated if they do not fit in the default precision and scale. Explicitly specify the SQL server column type that can accommodate all the values in 'OnModelCreating' using 'HasColumnType', specify precision and scale using 'HasPrecision', or configure a value converter using 'HasConversion'."
property = "Price"
entityType = "SP_Get_Properties_Filter"
EventId = { Id: 30000, Name: "Microsoft.EntityFrameworkCore.Model.Validation.DecimalTypeDefaultWarning" }
SourceContext = "Microsoft.EntityFrameworkCore.Model.Validation"
ActionId = "3e870cd7-d306-433d-b642-53524fe261f0"
ActionName = "backend_marketplace.Controllers.PropertiesController.RangeProperties (backend_marketplace)"
RequestId = "0HMVQLKDQQUNH:00000001"
RequestPath = "/api/properties/range"
ConnectionId = "0HMVQLKDQQUNH"

[11/12/2023 06:56:11 p. m. -06:00] Information: "Ingreso al api range"
SourceContext = "backend_marketplace.Controllers.PropertiesController"
ActionId = "3e870cd7-d306-433d-b642-53524fe261f0"
ActionName = "backend_marketplace.Controllers.PropertiesController.RangeProperties (backend_marketplace)"
RequestId = "0HMVQLKDQQUNH:00000001"
RequestPath = "/api/properties/range"
ConnectionId = "0HMVQLKDQQUNH"

[11/12/2023 06:56:13 p. m. -06:00] Information: "Se obtiene Lista de propiedades"
SourceContext = "BusinessLogic.Services.PropertiesService"
ActionId = "3e870cd7-d306-433d-b642-53524fe261f0"
ActionName = "backend_marketplace.Controllers.PropertiesController.RangeProperties (backend_marketplace)"
RequestId = "0HMVQLKDQQUNH:00000001"
RequestPath = "/api/properties/range"
ConnectionId = "0HMVQLKDQQUNH"

[11/12/2023 06:56:13 p. m. -06:00] Information: "Número de Propiedades obtenidas 174"
SourceContext = "BusinessLogic.Services.PropertiesService"
ActionId = "3e870cd7-d306-433d-b642-53524fe261f0"
ActionName = "backend_marketplace.Controllers.PropertiesController.RangeProperties (backend_marketplace)"
RequestId = "0HMVQLKDQQUNH:00000001"
RequestPath = "/api/properties/range"
ConnectionId = "0HMVQLKDQQUNH"

[11/12/2023 06:56:13 p. m. -06:00] Information: "Inicia mapeo de propiedades 11/12/2023 06:56:13 p. m."
SourceContext = "BusinessLogic.Services.PropertiesService"
ActionId = "3e870cd7-d306-433d-b642-53524fe261f0"
ActionName = "backend_marketplace.Controllers.PropertiesController.RangeProperties (backend_marketplace)"
RequestId = "0HMVQLKDQQUNH:00000001"
RequestPath = "/api/properties/range"
ConnectionId = "0HMVQLKDQQUNH"

[11/12/2023 06:56:14 p. m. -06:00] Information: "Finaliza mapeo de propiedades"
SourceContext = "BusinessLogic.Services.PropertiesService"
ActionId = "3e870cd7-d306-433d-b642-53524fe261f0"
ActionName = "backend_marketplace.Controllers.PropertiesController.RangeProperties (backend_marketplace)"
RequestId = "0HMVQLKDQQUNH:00000001"
RequestPath = "/api/properties/range"
ConnectionId = "0HMVQLKDQQUNH"

[11/12/2023 06:56:14 p. m. -06:00] Information: "Se inicia obtencion de token servicio isi"
SourceContext = "BusinessLogic.Services.PropertiesService"
ActionId = "3e870cd7-d306-433d-b642-53524fe261f0"
ActionName = "backend_marketplace.Controllers.PropertiesController.RangeProperties (backend_marketplace)"
RequestId = "0HMVQLKDQQUNH:00000001"
RequestPath = "/api/properties/range"
ConnectionId = "0HMVQLKDQQUNH"

[11/12/2023 06:56:16 p. m. -06:00] Information: "Se obtiene de token servicio isi"
SourceContext = "BusinessLogic.Services.PropertiesService"
ActionId = "3e870cd7-d306-433d-b642-53524fe261f0"
ActionName = "backend_marketplace.Controllers.PropertiesController.RangeProperties (backend_marketplace)"
RequestId = "0HMVQLKDQQUNH:00000001"
RequestPath = "/api/properties/range"
ConnectionId = "0HMVQLKDQQUNH"

[11/12/2023 06:56:16 p. m. -06:00] Information: "Inicia obtención de status de credito"
SourceContext = "BusinessLogic.Services.PropertiesService"
ActionId = "3e870cd7-d306-433d-b642-53524fe261f0"
ActionName = "backend_marketplace.Controllers.PropertiesController.RangeProperties (backend_marketplace)"
RequestId = "0HMVQLKDQQUNH:00000001"
RequestPath = "/api/properties/range"
ConnectionId = "0HMVQLKDQQUNH"

[11/12/2023 06:56:24 p. m. -06:00] Information: "Propiedad no encontrada en isi 2111"
SourceContext = "BusinessLogic.Services.AzureBlobService"
ActionId = "3e870cd7-d306-433d-b642-53524fe261f0"
ActionName = "backend_marketplace.Controllers.PropertiesController.RangeProperties (backend_marketplace)"
RequestId = "0HMVQLKDQQUNH:00000001"
RequestPath = "/api/properties/range"
ConnectionId = "0HMVQLKDQQUNH"

[11/12/2023 06:56:25 p. m. -06:00] Error: "Response status code does not indicate success: 422 (Unprocessable Entity)."
SourceContext = "BusinessLogic.Services.AzureBlobService"
ActionId = "3e870cd7-d306-433d-b642-53524fe261f0"
ActionName = "backend_marketplace.Controllers.PropertiesController.RangeProperties (backend_marketplace)"
RequestId = "0HMVQLKDQQUNH:00000001"
RequestPath = "/api/properties/range"
ConnectionId = "0HMVQLKDQQUNH"

[11/12/2023 06:56:25 p. m. -06:00] Error: "Response status code does not indicate success: 422 (Unprocessable Entity)."
SourceContext = "BusinessLogic.Services.AzureBlobService"
ActionId = "3e870cd7-d306-433d-b642-53524fe261f0"
ActionName = "backend_marketplace.Controllers.PropertiesController.RangeProperties (backend_marketplace)"
RequestId = "0HMVQLKDQQUNH:00000001"
RequestPath = "/api/properties/range"
ConnectionId = "0HMVQLKDQQUNH"

[11/12/2023 06:56:25 p. m. -06:00] Error: "Response status code does not indicate success: 422 (Unprocessable Entity)."
SourceContext = "BusinessLogic.Services.AzureBlobService"
ActionId = "3e870cd7-d306-433d-b642-53524fe261f0"
ActionName = "backend_marketplace.Controllers.PropertiesController.RangeProperties (backend_marketplace)"
RequestId = "0HMVQLKDQQUNH:00000001"
RequestPath = "/api/properties/range"
ConnectionId = "0HMVQLKDQQUNH"

[11/12/2023 06:56:25 p. m. -06:00] Error: "Response status code does not indicate success: 422 (Unprocessable Entity)."
SourceContext = "BusinessLogic.Services.AzureBlobService"
ActionId = "3e870cd7-d306-433d-b642-53524fe261f0"
ActionName = "backend_marketplace.Controllers.PropertiesController.RangeProperties (backend_marketplace)"
RequestId = "0HMVQLKDQQUNH:00000001"
RequestPath = "/api/properties/range"
ConnectionId = "0HMVQLKDQQUNH"

[11/12/2023 06:56:29 p. m. -06:00] Information: "Finaliza obtención de status de credito 11/12/2023 06:56:29 p. m."
SourceContext = "BusinessLogic.Services.PropertiesService"
ActionId = "3e870cd7-d306-433d-b642-53524fe261f0"
ActionName = "backend_marketplace.Controllers.PropertiesController.RangeProperties (backend_marketplace)"
RequestId = "0HMVQLKDQQUNH:00000001"
RequestPath = "/api/properties/range"
ConnectionId = "0HMVQLKDQQUNH"

[11/12/2023 06:56:29 p. m. -06:00] Information: "****OK 11/12/2023 06:56:29 p. m."
SourceContext = "BusinessLogic.Services.PropertiesService"
ActionId = "3e870cd7-d306-433d-b642-53524fe261f0"
ActionName = "backend_marketplace.Controllers.PropertiesController.RangeProperties (backend_marketplace)"
RequestId = "0HMVQLKDQQUNH:00000001"
RequestPath = "/api/properties/range"
ConnectionId = "0HMVQLKDQQUNH"

[11/12/2023 06:56:29 p. m. -06:00] Information: "HTTP {RequestMethod} {RequestPath} responded {StatusCode} in {Elapsed:0.0000} ms"
RequestMethod = "POST"
RequestPath = "/api/properties/range"
StatusCode = 200
Elapsed = 23299.6167
SourceContext = "Serilog.AspNetCore.RequestLoggingMiddleware"

[11/12/2023 07:07:46 p. m. -06:00] Information: "Now listening on: {address}"
address = "https://localhost:7126"
EventId = { Id: 14, Name: "ListeningOnAddress" }
SourceContext = "Microsoft.Hosting.Lifetime"

[11/12/2023 07:07:46 p. m. -06:00] Information: "Now listening on: {address}"
address = "http://localhost:5126"
EventId = { Id: 14, Name: "ListeningOnAddress" }
SourceContext = "Microsoft.Hosting.Lifetime"

[11/12/2023 07:07:46 p. m. -06:00] Information: "Application started. Press Ctrl+C to shut down."
SourceContext = "Microsoft.Hosting.Lifetime"

[11/12/2023 07:07:46 p. m. -06:00] Information: "Hosting environment: {envName}"
envName = "QA"
SourceContext = "Microsoft.Hosting.Lifetime"

[11/12/2023 07:07:46 p. m. -06:00] Information: "Content root path: {contentRoot}"
contentRoot = "C:\Refactor\PortalPropiedadesBackend\backend_marketplace\"
SourceContext = "Microsoft.Hosting.Lifetime"

[11/12/2023 07:08:33 p. m. -06:00] Warning: "No store type was specified for the decimal property '{property}' on entity type '{entityType}'. This will cause values to be silently truncated if they do not fit in the default precision and scale. Explicitly specify the SQL server column type that can accommodate all the values in 'OnModelCreating' using 'HasColumnType', specify precision and scale using 'HasPrecision', or configure a value converter using 'HasConversion'."
property = "Price"
entityType = "SP_Get_Properties_Filter"
EventId = { Id: 30000, Name: "Microsoft.EntityFrameworkCore.Model.Validation.DecimalTypeDefaultWarning" }
SourceContext = "Microsoft.EntityFrameworkCore.Model.Validation"
ActionId = "288699ec-8edf-48b1-8c0b-d57f53cf387f"
ActionName = "backend_marketplace.Controllers.PropertiesController.RangeProperties (backend_marketplace)"
RequestId = "0HMVQLR0B9JCM:00000001"
RequestPath = "/api/properties/range"
ConnectionId = "0HMVQLR0B9JCM"

[11/12/2023 07:08:38 p. m. -06:00] Information: "Ingreso al api range"
SourceContext = "backend_marketplace.Controllers.PropertiesController"
ActionId = "288699ec-8edf-48b1-8c0b-d57f53cf387f"
ActionName = "backend_marketplace.Controllers.PropertiesController.RangeProperties (backend_marketplace)"
RequestId = "0HMVQLR0B9JCM:00000001"
RequestPath = "/api/properties/range"
ConnectionId = "0HMVQLR0B9JCM"

[11/12/2023 07:08:57 p. m. -06:00] Information: "Se obtiene Lista de propiedades"
SourceContext = "BusinessLogic.Services.PropertiesService"
ActionId = "288699ec-8edf-48b1-8c0b-d57f53cf387f"
ActionName = "backend_marketplace.Controllers.PropertiesController.RangeProperties (backend_marketplace)"
RequestId = "0HMVQLR0B9JCM:00000001"
RequestPath = "/api/properties/range"
ConnectionId = "0HMVQLR0B9JCM"

[11/12/2023 07:08:57 p. m. -06:00] Information: "Número de Propiedades obtenidas 174"
SourceContext = "BusinessLogic.Services.PropertiesService"
ActionId = "288699ec-8edf-48b1-8c0b-d57f53cf387f"
ActionName = "backend_marketplace.Controllers.PropertiesController.RangeProperties (backend_marketplace)"
RequestId = "0HMVQLR0B9JCM:00000001"
RequestPath = "/api/properties/range"
ConnectionId = "0HMVQLR0B9JCM"

[11/12/2023 07:08:57 p. m. -06:00] Information: "Inicia mapeo de propiedades 11/12/2023 07:08:57 p. m."
SourceContext = "BusinessLogic.Services.PropertiesService"
ActionId = "288699ec-8edf-48b1-8c0b-d57f53cf387f"
ActionName = "backend_marketplace.Controllers.PropertiesController.RangeProperties (backend_marketplace)"
RequestId = "0HMVQLR0B9JCM:00000001"
RequestPath = "/api/properties/range"
ConnectionId = "0HMVQLR0B9JCM"

[11/12/2023 07:08:58 p. m. -06:00] Information: "Finaliza mapeo de propiedades"
SourceContext = "BusinessLogic.Services.PropertiesService"
ActionId = "288699ec-8edf-48b1-8c0b-d57f53cf387f"
ActionName = "backend_marketplace.Controllers.PropertiesController.RangeProperties (backend_marketplace)"
RequestId = "0HMVQLR0B9JCM:00000001"
RequestPath = "/api/properties/range"
ConnectionId = "0HMVQLR0B9JCM"

[11/12/2023 07:08:58 p. m. -06:00] Information: "Se inicia obtencion de token servicio isi"
SourceContext = "BusinessLogic.Services.PropertiesService"
ActionId = "288699ec-8edf-48b1-8c0b-d57f53cf387f"
ActionName = "backend_marketplace.Controllers.PropertiesController.RangeProperties (backend_marketplace)"
RequestId = "0HMVQLR0B9JCM:00000001"
RequestPath = "/api/properties/range"
ConnectionId = "0HMVQLR0B9JCM"

[11/12/2023 07:08:59 p. m. -06:00] Information: "Se obtiene de token servicio isi"
SourceContext = "BusinessLogic.Services.PropertiesService"
ActionId = "288699ec-8edf-48b1-8c0b-d57f53cf387f"
ActionName = "backend_marketplace.Controllers.PropertiesController.RangeProperties (backend_marketplace)"
RequestId = "0HMVQLR0B9JCM:00000001"
RequestPath = "/api/properties/range"
ConnectionId = "0HMVQLR0B9JCM"

[11/12/2023 07:08:59 p. m. -06:00] Information: "Inicia obtención de status de credito"
SourceContext = "BusinessLogic.Services.PropertiesService"
ActionId = "288699ec-8edf-48b1-8c0b-d57f53cf387f"
ActionName = "backend_marketplace.Controllers.PropertiesController.RangeProperties (backend_marketplace)"
RequestId = "0HMVQLR0B9JCM:00000001"
RequestPath = "/api/properties/range"
ConnectionId = "0HMVQLR0B9JCM"

[11/12/2023 07:09:07 p. m. -06:00] Information: "Propiedad no encontrada en isi 18528"
SourceContext = "BusinessLogic.Services.AzureBlobService"
ActionId = "288699ec-8edf-48b1-8c0b-d57f53cf387f"
ActionName = "backend_marketplace.Controllers.PropertiesController.RangeProperties (backend_marketplace)"
RequestId = "0HMVQLR0B9JCM:00000001"
RequestPath = "/api/properties/range"
ConnectionId = "0HMVQLR0B9JCM"

[11/12/2023 07:09:18 p. m. -06:00] Error: "Response status code does not indicate success: 422 (Unprocessable Entity)."
SourceContext = "BusinessLogic.Services.AzureBlobService"
ActionId = "288699ec-8edf-48b1-8c0b-d57f53cf387f"
ActionName = "backend_marketplace.Controllers.PropertiesController.RangeProperties (backend_marketplace)"
RequestId = "0HMVQLR0B9JCM:00000001"
RequestPath = "/api/properties/range"
ConnectionId = "0HMVQLR0B9JCM"

[11/12/2023 07:09:18 p. m. -06:00] Error: "Response status code does not indicate success: 422 (Unprocessable Entity)."
SourceContext = "BusinessLogic.Services.AzureBlobService"
ActionId = "288699ec-8edf-48b1-8c0b-d57f53cf387f"
ActionName = "backend_marketplace.Controllers.PropertiesController.RangeProperties (backend_marketplace)"
RequestId = "0HMVQLR0B9JCM:00000001"
RequestPath = "/api/properties/range"
ConnectionId = "0HMVQLR0B9JCM"

[11/12/2023 07:09:52 p. m. -06:00] Information: "Finaliza obtención de status de credito 11/12/2023 07:09:52 p. m."
SourceContext = "BusinessLogic.Services.PropertiesService"
ActionId = "288699ec-8edf-48b1-8c0b-d57f53cf387f"
ActionName = "backend_marketplace.Controllers.PropertiesController.RangeProperties (backend_marketplace)"
RequestId = "0HMVQLR0B9JCM:00000001"
RequestPath = "/api/properties/range"
ConnectionId = "0HMVQLR0B9JCM"

[11/12/2023 07:09:52 p. m. -06:00] Information: "****OK 11/12/2023 07:09:52 p. m."
SourceContext = "BusinessLogic.Services.PropertiesService"
ActionId = "288699ec-8edf-48b1-8c0b-d57f53cf387f"
ActionName = "backend_marketplace.Controllers.PropertiesController.RangeProperties (backend_marketplace)"
RequestId = "0HMVQLR0B9JCM:00000001"
RequestPath = "/api/properties/range"
ConnectionId = "0HMVQLR0B9JCM"

[11/12/2023 07:09:52 p. m. -06:00] Information: "HTTP {RequestMethod} {RequestPath} responded {StatusCode} in {Elapsed:0.0000} ms"
RequestMethod = "POST"
RequestPath = "/api/properties/range"
StatusCode = 200
Elapsed = 80661.373
SourceContext = "Serilog.AspNetCore.RequestLoggingMiddleware"

[11/12/2023 07:10:35 p. m. -06:00] Information: "Ingreso al api range"
SourceContext = "backend_marketplace.Controllers.PropertiesController"
ActionId = "288699ec-8edf-48b1-8c0b-d57f53cf387f"
ActionName = "backend_marketplace.Controllers.PropertiesController.RangeProperties (backend_marketplace)"
RequestId = "0HMVQLR0B9JCM:00000003"
RequestPath = "/api/properties/range"
ConnectionId = "0HMVQLR0B9JCM"

[11/12/2023 07:10:36 p. m. -06:00] Information: "Se obtiene Lista de propiedades"
SourceContext = "BusinessLogic.Services.PropertiesService"
ActionId = "288699ec-8edf-48b1-8c0b-d57f53cf387f"
ActionName = "backend_marketplace.Controllers.PropertiesController.RangeProperties (backend_marketplace)"
RequestId = "0HMVQLR0B9JCM:00000003"
RequestPath = "/api/properties/range"
ConnectionId = "0HMVQLR0B9JCM"

[11/12/2023 07:10:36 p. m. -06:00] Information: "Número de Propiedades obtenidas 169"
SourceContext = "BusinessLogic.Services.PropertiesService"
ActionId = "288699ec-8edf-48b1-8c0b-d57f53cf387f"
ActionName = "backend_marketplace.Controllers.PropertiesController.RangeProperties (backend_marketplace)"
RequestId = "0HMVQLR0B9JCM:00000003"
RequestPath = "/api/properties/range"
ConnectionId = "0HMVQLR0B9JCM"

[11/12/2023 07:10:36 p. m. -06:00] Information: "Inicia mapeo de propiedades 11/12/2023 07:10:36 p. m."
SourceContext = "BusinessLogic.Services.PropertiesService"
ActionId = "288699ec-8edf-48b1-8c0b-d57f53cf387f"
ActionName = "backend_marketplace.Controllers.PropertiesController.RangeProperties (backend_marketplace)"
RequestId = "0HMVQLR0B9JCM:00000003"
RequestPath = "/api/properties/range"
ConnectionId = "0HMVQLR0B9JCM"

[11/12/2023 07:10:37 p. m. -06:00] Information: "Finaliza mapeo de propiedades"
SourceContext = "BusinessLogic.Services.PropertiesService"
ActionId = "288699ec-8edf-48b1-8c0b-d57f53cf387f"
ActionName = "backend_marketplace.Controllers.PropertiesController.RangeProperties (backend_marketplace)"
RequestId = "0HMVQLR0B9JCM:00000003"
RequestPath = "/api/properties/range"
ConnectionId = "0HMVQLR0B9JCM"

[11/12/2023 07:10:37 p. m. -06:00] Information: "Se inicia obtencion de token servicio isi"
SourceContext = "BusinessLogic.Services.PropertiesService"
ActionId = "288699ec-8edf-48b1-8c0b-d57f53cf387f"
ActionName = "backend_marketplace.Controllers.PropertiesController.RangeProperties (backend_marketplace)"
RequestId = "0HMVQLR0B9JCM:00000003"
RequestPath = "/api/properties/range"
ConnectionId = "0HMVQLR0B9JCM"

[11/12/2023 07:10:37 p. m. -06:00] Information: "Se obtiene de token servicio isi"
SourceContext = "BusinessLogic.Services.PropertiesService"
ActionId = "288699ec-8edf-48b1-8c0b-d57f53cf387f"
ActionName = "backend_marketplace.Controllers.PropertiesController.RangeProperties (backend_marketplace)"
RequestId = "0HMVQLR0B9JCM:00000003"
RequestPath = "/api/properties/range"
ConnectionId = "0HMVQLR0B9JCM"

[11/12/2023 07:10:37 p. m. -06:00] Information: "Inicia obtención de status de credito"
SourceContext = "BusinessLogic.Services.PropertiesService"
ActionId = "288699ec-8edf-48b1-8c0b-d57f53cf387f"
ActionName = "backend_marketplace.Controllers.PropertiesController.RangeProperties (backend_marketplace)"
RequestId = "0HMVQLR0B9JCM:00000003"
RequestPath = "/api/properties/range"
ConnectionId = "0HMVQLR0B9JCM"

[11/12/2023 07:10:44 p. m. -06:00] Information: "Propiedad no encontrada en isi 18528"
SourceContext = "BusinessLogic.Services.AzureBlobService"
ActionId = "288699ec-8edf-48b1-8c0b-d57f53cf387f"
ActionName = "backend_marketplace.Controllers.PropertiesController.RangeProperties (backend_marketplace)"
RequestId = "0HMVQLR0B9JCM:00000003"
RequestPath = "/api/properties/range"
ConnectionId = "0HMVQLR0B9JCM"

[11/12/2023 07:10:49 p. m. -06:00] Information: "Finaliza obtención de status de credito 11/12/2023 07:10:49 p. m."
SourceContext = "BusinessLogic.Services.PropertiesService"
ActionId = "288699ec-8edf-48b1-8c0b-d57f53cf387f"
ActionName = "backend_marketplace.Controllers.PropertiesController.RangeProperties (backend_marketplace)"
RequestId = "0HMVQLR0B9JCM:00000003"
RequestPath = "/api/properties/range"
ConnectionId = "0HMVQLR0B9JCM"

[11/12/2023 07:10:49 p. m. -06:00] Information: "****OK 11/12/2023 07:10:49 p. m."
SourceContext = "BusinessLogic.Services.PropertiesService"
ActionId = "288699ec-8edf-48b1-8c0b-d57f53cf387f"
ActionName = "backend_marketplace.Controllers.PropertiesController.RangeProperties (backend_marketplace)"
RequestId = "0HMVQLR0B9JCM:00000003"
RequestPath = "/api/properties/range"
ConnectionId = "0HMVQLR0B9JCM"

[11/12/2023 07:10:49 p. m. -06:00] Information: "HTTP {RequestMethod} {RequestPath} responded {StatusCode} in {Elapsed:0.0000} ms"
RequestMethod = "POST"
RequestPath = "/api/properties/range"
StatusCode = 200
Elapsed = 14688.068
SourceContext = "Serilog.AspNetCore.RequestLoggingMiddleware"

[11/12/2023 07:11:45 p. m. -06:00] Information: "Ingreso al api range"
SourceContext = "backend_marketplace.Controllers.PropertiesController"
ActionId = "288699ec-8edf-48b1-8c0b-d57f53cf387f"
ActionName = "backend_marketplace.Controllers.PropertiesController.RangeProperties (backend_marketplace)"
RequestId = "0HMVQLR0B9JCM:00000005"
RequestPath = "/api/properties/range"
ConnectionId = "0HMVQLR0B9JCM"

[11/12/2023 07:11:51 p. m. -06:00] Information: "Se obtiene Lista de propiedades"
SourceContext = "BusinessLogic.Services.PropertiesService"
ActionId = "288699ec-8edf-48b1-8c0b-d57f53cf387f"
ActionName = "backend_marketplace.Controllers.PropertiesController.RangeProperties (backend_marketplace)"
RequestId = "0HMVQLR0B9JCM:00000005"
RequestPath = "/api/properties/range"
ConnectionId = "0HMVQLR0B9JCM"

[11/12/2023 07:11:51 p. m. -06:00] Information: "Número de Propiedades obtenidas 169"
SourceContext = "BusinessLogic.Services.PropertiesService"
ActionId = "288699ec-8edf-48b1-8c0b-d57f53cf387f"
ActionName = "backend_marketplace.Controllers.PropertiesController.RangeProperties (backend_marketplace)"
RequestId = "0HMVQLR0B9JCM:00000005"
RequestPath = "/api/properties/range"
ConnectionId = "0HMVQLR0B9JCM"

[11/12/2023 07:11:51 p. m. -06:00] Information: "Inicia mapeo de propiedades 11/12/2023 07:11:51 p. m."
SourceContext = "BusinessLogic.Services.PropertiesService"
ActionId = "288699ec-8edf-48b1-8c0b-d57f53cf387f"
ActionName = "backend_marketplace.Controllers.PropertiesController.RangeProperties (backend_marketplace)"
RequestId = "0HMVQLR0B9JCM:00000005"
RequestPath = "/api/properties/range"
ConnectionId = "0HMVQLR0B9JCM"

[11/12/2023 07:11:52 p. m. -06:00] Information: "Finaliza mapeo de propiedades"
SourceContext = "BusinessLogic.Services.PropertiesService"
ActionId = "288699ec-8edf-48b1-8c0b-d57f53cf387f"
ActionName = "backend_marketplace.Controllers.PropertiesController.RangeProperties (backend_marketplace)"
RequestId = "0HMVQLR0B9JCM:00000005"
RequestPath = "/api/properties/range"
ConnectionId = "0HMVQLR0B9JCM"

[11/12/2023 07:11:52 p. m. -06:00] Information: "Se inicia obtencion de token servicio isi"
SourceContext = "BusinessLogic.Services.PropertiesService"
ActionId = "288699ec-8edf-48b1-8c0b-d57f53cf387f"
ActionName = "backend_marketplace.Controllers.PropertiesController.RangeProperties (backend_marketplace)"
RequestId = "0HMVQLR0B9JCM:00000005"
RequestPath = "/api/properties/range"
ConnectionId = "0HMVQLR0B9JCM"

[11/12/2023 07:11:52 p. m. -06:00] Information: "Se obtiene de token servicio isi"
SourceContext = "BusinessLogic.Services.PropertiesService"
ActionId = "288699ec-8edf-48b1-8c0b-d57f53cf387f"
ActionName = "backend_marketplace.Controllers.PropertiesController.RangeProperties (backend_marketplace)"
RequestId = "0HMVQLR0B9JCM:00000005"
RequestPath = "/api/properties/range"
ConnectionId = "0HMVQLR0B9JCM"

[11/12/2023 07:11:52 p. m. -06:00] Information: "Inicia obtención de status de credito"
SourceContext = "BusinessLogic.Services.PropertiesService"
ActionId = "288699ec-8edf-48b1-8c0b-d57f53cf387f"
ActionName = "backend_marketplace.Controllers.PropertiesController.RangeProperties (backend_marketplace)"
RequestId = "0HMVQLR0B9JCM:00000005"
RequestPath = "/api/properties/range"
ConnectionId = "0HMVQLR0B9JCM"

[11/12/2023 07:13:37 p. m. -06:00] Information: "Finaliza obtención de status de credito 11/12/2023 07:13:37 p. m."
SourceContext = "BusinessLogic.Services.PropertiesService"
ActionId = "288699ec-8edf-48b1-8c0b-d57f53cf387f"
ActionName = "backend_marketplace.Controllers.PropertiesController.RangeProperties (backend_marketplace)"
RequestId = "0HMVQLR0B9JCM:00000005"
RequestPath = "/api/properties/range"
ConnectionId = "0HMVQLR0B9JCM"

[11/12/2023 07:13:37 p. m. -06:00] Information: "****OK 11/12/2023 07:13:37 p. m."
SourceContext = "BusinessLogic.Services.PropertiesService"
ActionId = "288699ec-8edf-48b1-8c0b-d57f53cf387f"
ActionName = "backend_marketplace.Controllers.PropertiesController.RangeProperties (backend_marketplace)"
RequestId = "0HMVQLR0B9JCM:00000005"
RequestPath = "/api/properties/range"
ConnectionId = "0HMVQLR0B9JCM"

[11/12/2023 07:13:37 p. m. -06:00] Information: "HTTP {RequestMethod} {RequestPath} responded {StatusCode} in {Elapsed:0.0000} ms"
RequestMethod = "POST"
RequestPath = "/api/properties/range"
StatusCode = 200
Elapsed = 114558.7689
SourceContext = "Serilog.AspNetCore.RequestLoggingMiddleware"

[11/12/2023 07:14:28 p. m. -06:00] Information: "Now listening on: {address}"
address = "https://localhost:7126"
EventId = { Id: 14, Name: "ListeningOnAddress" }
SourceContext = "Microsoft.Hosting.Lifetime"

[11/12/2023 07:14:28 p. m. -06:00] Information: "Now listening on: {address}"
address = "http://localhost:5126"
EventId = { Id: 14, Name: "ListeningOnAddress" }
SourceContext = "Microsoft.Hosting.Lifetime"

[11/12/2023 07:14:28 p. m. -06:00] Information: "Application started. Press Ctrl+C to shut down."
SourceContext = "Microsoft.Hosting.Lifetime"

[11/12/2023 07:14:28 p. m. -06:00] Information: "Hosting environment: {envName}"
envName = "QA"
SourceContext = "Microsoft.Hosting.Lifetime"

[11/12/2023 07:14:28 p. m. -06:00] Information: "Content root path: {contentRoot}"
contentRoot = "C:\Refactor\PortalPropiedadesBackend\backend_marketplace\"
SourceContext = "Microsoft.Hosting.Lifetime"

[11/12/2023 07:14:35 p. m. -06:00] Warning: "No store type was specified for the decimal property '{property}' on entity type '{entityType}'. This will cause values to be silently truncated if they do not fit in the default precision and scale. Explicitly specify the SQL server column type that can accommodate all the values in 'OnModelCreating' using 'HasColumnType', specify precision and scale using 'HasPrecision', or configure a value converter using 'HasConversion'."
property = "Price"
entityType = "SP_Get_Properties_Filter"
EventId = { Id: 30000, Name: "Microsoft.EntityFrameworkCore.Model.Validation.DecimalTypeDefaultWarning" }
SourceContext = "Microsoft.EntityFrameworkCore.Model.Validation"
ActionId = "84275e90-b419-4203-8ab2-3c7515ace635"
ActionName = "backend_marketplace.Controllers.PropertiesController.RangeProperties (backend_marketplace)"
RequestId = "0HMVQLUO9C660:00000001"
RequestPath = "/api/properties/range"
ConnectionId = "0HMVQLUO9C660"

[11/12/2023 07:14:57 p. m. -06:00] Information: "Ingreso al api range"
SourceContext = "backend_marketplace.Controllers.PropertiesController"
ActionId = "84275e90-b419-4203-8ab2-3c7515ace635"
ActionName = "backend_marketplace.Controllers.PropertiesController.RangeProperties (backend_marketplace)"
RequestId = "0HMVQLUO9C660:00000001"
RequestPath = "/api/properties/range"
ConnectionId = "0HMVQLUO9C660"

[11/12/2023 07:14:57 p. m. -06:00] Information: "Se obtiene Lista de propiedades"
SourceContext = "BusinessLogic.Services.PropertiesService"
ActionId = "84275e90-b419-4203-8ab2-3c7515ace635"
ActionName = "backend_marketplace.Controllers.PropertiesController.RangeProperties (backend_marketplace)"
RequestId = "0HMVQLUO9C660:00000001"
RequestPath = "/api/properties/range"
ConnectionId = "0HMVQLUO9C660"

[11/12/2023 07:14:57 p. m. -06:00] Information: "Número de Propiedades obtenidas 859"
SourceContext = "BusinessLogic.Services.PropertiesService"
ActionId = "84275e90-b419-4203-8ab2-3c7515ace635"
ActionName = "backend_marketplace.Controllers.PropertiesController.RangeProperties (backend_marketplace)"
RequestId = "0HMVQLUO9C660:00000001"
RequestPath = "/api/properties/range"
ConnectionId = "0HMVQLUO9C660"

[11/12/2023 07:14:57 p. m. -06:00] Information: "Inicia mapeo de propiedades 11/12/2023 07:14:57 p. m."
SourceContext = "BusinessLogic.Services.PropertiesService"
ActionId = "84275e90-b419-4203-8ab2-3c7515ace635"
ActionName = "backend_marketplace.Controllers.PropertiesController.RangeProperties (backend_marketplace)"
RequestId = "0HMVQLUO9C660:00000001"
RequestPath = "/api/properties/range"
ConnectionId = "0HMVQLUO9C660"

[11/12/2023 07:14:59 p. m. -06:00] Information: "Finaliza mapeo de propiedades"
SourceContext = "BusinessLogic.Services.PropertiesService"
ActionId = "84275e90-b419-4203-8ab2-3c7515ace635"
ActionName = "backend_marketplace.Controllers.PropertiesController.RangeProperties (backend_marketplace)"
RequestId = "0HMVQLUO9C660:00000001"
RequestPath = "/api/properties/range"
ConnectionId = "0HMVQLUO9C660"

[11/12/2023 07:14:59 p. m. -06:00] Information: "Se inicia obtencion de token servicio isi"
SourceContext = "BusinessLogic.Services.PropertiesService"
ActionId = "84275e90-b419-4203-8ab2-3c7515ace635"
ActionName = "backend_marketplace.Controllers.PropertiesController.RangeProperties (backend_marketplace)"
RequestId = "0HMVQLUO9C660:00000001"
RequestPath = "/api/properties/range"
ConnectionId = "0HMVQLUO9C660"

[11/12/2023 07:14:59 p. m. -06:00] Information: "Se obtiene de token servicio isi"
SourceContext = "BusinessLogic.Services.PropertiesService"
ActionId = "84275e90-b419-4203-8ab2-3c7515ace635"
ActionName = "backend_marketplace.Controllers.PropertiesController.RangeProperties (backend_marketplace)"
RequestId = "0HMVQLUO9C660:00000001"
RequestPath = "/api/properties/range"
ConnectionId = "0HMVQLUO9C660"

[11/12/2023 07:14:59 p. m. -06:00] Information: "Inicia obtención de status de credito"
SourceContext = "BusinessLogic.Services.PropertiesService"
ActionId = "84275e90-b419-4203-8ab2-3c7515ace635"
ActionName = "backend_marketplace.Controllers.PropertiesController.RangeProperties (backend_marketplace)"
RequestId = "0HMVQLUO9C660:00000001"
RequestPath = "/api/properties/range"
ConnectionId = "0HMVQLUO9C660"

[11/12/2023 07:15:05 p. m. -06:00] Information: "Propiedad no encontrada en isi 18528"
SourceContext = "BusinessLogic.Services.AzureBlobService"
ActionId = "84275e90-b419-4203-8ab2-3c7515ace635"
ActionName = "backend_marketplace.Controllers.PropertiesController.RangeProperties (backend_marketplace)"
RequestId = "0HMVQLUO9C660:00000001"
RequestPath = "/api/properties/range"
ConnectionId = "0HMVQLUO9C660"

[11/12/2023 07:15:08 p. m. -06:00] Error: "Response status code does not indicate success: 422 (Unprocessable Entity)."
SourceContext = "BusinessLogic.Services.AzureBlobService"
ActionId = "84275e90-b419-4203-8ab2-3c7515ace635"
ActionName = "backend_marketplace.Controllers.PropertiesController.RangeProperties (backend_marketplace)"
RequestId = "0HMVQLUO9C660:00000001"
RequestPath = "/api/properties/range"
ConnectionId = "0HMVQLUO9C660"

[11/12/2023 07:15:08 p. m. -06:00] Error: "Response status code does not indicate success: 422 (Unprocessable Entity)."
SourceContext = "BusinessLogic.Services.AzureBlobService"
ActionId = "84275e90-b419-4203-8ab2-3c7515ace635"
ActionName = "backend_marketplace.Controllers.PropertiesController.RangeProperties (backend_marketplace)"
RequestId = "0HMVQLUO9C660:00000001"
RequestPath = "/api/properties/range"
ConnectionId = "0HMVQLUO9C660"

[11/12/2023 07:15:10 p. m. -06:00] Information: "Propiedad no encontrada en isi 20524"
SourceContext = "BusinessLogic.Services.AzureBlobService"
ActionId = "84275e90-b419-4203-8ab2-3c7515ace635"
ActionName = "backend_marketplace.Controllers.PropertiesController.RangeProperties (backend_marketplace)"
RequestId = "0HMVQLUO9C660:00000001"
RequestPath = "/api/properties/range"
ConnectionId = "0HMVQLUO9C660"

[11/12/2023 07:15:10 p. m. -06:00] Error: "Response status code does not indicate success: 422 (Unprocessable Entity)."
SourceContext = "BusinessLogic.Services.AzureBlobService"
ActionId = "84275e90-b419-4203-8ab2-3c7515ace635"
ActionName = "backend_marketplace.Controllers.PropertiesController.RangeProperties (backend_marketplace)"
RequestId = "0HMVQLUO9C660:00000001"
RequestPath = "/api/properties/range"
ConnectionId = "0HMVQLUO9C660"

[11/12/2023 07:15:10 p. m. -06:00] Error: "Response status code does not indicate success: 422 (Unprocessable Entity)."
SourceContext = "BusinessLogic.Services.AzureBlobService"
ActionId = "84275e90-b419-4203-8ab2-3c7515ace635"
ActionName = "backend_marketplace.Controllers.PropertiesController.RangeProperties (backend_marketplace)"
RequestId = "0HMVQLUO9C660:00000001"
RequestPath = "/api/properties/range"
ConnectionId = "0HMVQLUO9C660"

[11/12/2023 07:15:29 p. m. -06:00] Information: "Finaliza obtención de status de credito 11/12/2023 07:15:29 p. m."
SourceContext = "BusinessLogic.Services.PropertiesService"
ActionId = "84275e90-b419-4203-8ab2-3c7515ace635"
ActionName = "backend_marketplace.Controllers.PropertiesController.RangeProperties (backend_marketplace)"
RequestId = "0HMVQLUO9C660:00000001"
RequestPath = "/api/properties/range"
ConnectionId = "0HMVQLUO9C660"

[11/12/2023 07:15:29 p. m. -06:00] Information: "****OK 11/12/2023 07:15:29 p. m."
SourceContext = "BusinessLogic.Services.PropertiesService"
ActionId = "84275e90-b419-4203-8ab2-3c7515ace635"
ActionName = "backend_marketplace.Controllers.PropertiesController.RangeProperties (backend_marketplace)"
RequestId = "0HMVQLUO9C660:00000001"
RequestPath = "/api/properties/range"
ConnectionId = "0HMVQLUO9C660"

[11/12/2023 07:15:29 p. m. -06:00] Information: "HTTP {RequestMethod} {RequestPath} responded {StatusCode} in {Elapsed:0.0000} ms"
RequestMethod = "POST"
RequestPath = "/api/properties/range"
StatusCode = 200
Elapsed = 56537.1022
SourceContext = "Serilog.AspNetCore.RequestLoggingMiddleware"

[11/12/2023 07:16:19 p. m. -06:00] Information: "Now listening on: {address}"
address = "https://localhost:7126"
EventId = { Id: 14, Name: "ListeningOnAddress" }
SourceContext = "Microsoft.Hosting.Lifetime"

[11/12/2023 07:16:19 p. m. -06:00] Information: "Now listening on: {address}"
address = "http://localhost:5126"
EventId = { Id: 14, Name: "ListeningOnAddress" }
SourceContext = "Microsoft.Hosting.Lifetime"

[11/12/2023 07:16:19 p. m. -06:00] Information: "Application started. Press Ctrl+C to shut down."
SourceContext = "Microsoft.Hosting.Lifetime"

[11/12/2023 07:16:19 p. m. -06:00] Information: "Hosting environment: {envName}"
envName = "QA"
SourceContext = "Microsoft.Hosting.Lifetime"

[11/12/2023 07:16:19 p. m. -06:00] Information: "Content root path: {contentRoot}"
contentRoot = "C:\Refactor\PortalPropiedadesBackend\backend_marketplace\"
SourceContext = "Microsoft.Hosting.Lifetime"

[11/12/2023 07:16:33 p. m. -06:00] Warning: "No store type was specified for the decimal property '{property}' on entity type '{entityType}'. This will cause values to be silently truncated if they do not fit in the default precision and scale. Explicitly specify the SQL server column type that can accommodate all the values in 'OnModelCreating' using 'HasColumnType', specify precision and scale using 'HasPrecision', or configure a value converter using 'HasConversion'."
property = "Price"
entityType = "SP_Get_Properties_Filter"
EventId = { Id: 30000, Name: "Microsoft.EntityFrameworkCore.Model.Validation.DecimalTypeDefaultWarning" }
SourceContext = "Microsoft.EntityFrameworkCore.Model.Validation"
ActionId = "2b31e1b3-7a4e-4e10-864d-2fd9d09536e2"
ActionName = "backend_marketplace.Controllers.PropertiesController.RangeProperties (backend_marketplace)"
RequestId = "0HMVQLVP1V0JM:00000001"
RequestPath = "/api/properties/range"
ConnectionId = "0HMVQLVP1V0JM"

[11/12/2023 07:16:37 p. m. -06:00] Information: "Ingreso al api range"
SourceContext = "backend_marketplace.Controllers.PropertiesController"
ActionId = "2b31e1b3-7a4e-4e10-864d-2fd9d09536e2"
ActionName = "backend_marketplace.Controllers.PropertiesController.RangeProperties (backend_marketplace)"
RequestId = "0HMVQLVP1V0JM:00000001"
RequestPath = "/api/properties/range"
ConnectionId = "0HMVQLVP1V0JM"

[11/12/2023 07:16:38 p. m. -06:00] Information: "Se obtiene Lista de propiedades"
SourceContext = "BusinessLogic.Services.PropertiesService"
ActionId = "2b31e1b3-7a4e-4e10-864d-2fd9d09536e2"
ActionName = "backend_marketplace.Controllers.PropertiesController.RangeProperties (backend_marketplace)"
RequestId = "0HMVQLVP1V0JM:00000001"
RequestPath = "/api/properties/range"
ConnectionId = "0HMVQLVP1V0JM"

[11/12/2023 07:16:38 p. m. -06:00] Information: "Número de Propiedades obtenidas 859"
SourceContext = "BusinessLogic.Services.PropertiesService"
ActionId = "2b31e1b3-7a4e-4e10-864d-2fd9d09536e2"
ActionName = "backend_marketplace.Controllers.PropertiesController.RangeProperties (backend_marketplace)"
RequestId = "0HMVQLVP1V0JM:00000001"
RequestPath = "/api/properties/range"
ConnectionId = "0HMVQLVP1V0JM"

[11/12/2023 07:16:38 p. m. -06:00] Information: "Inicia mapeo de propiedades 11/12/2023 07:16:38 p. m."
SourceContext = "BusinessLogic.Services.PropertiesService"
ActionId = "2b31e1b3-7a4e-4e10-864d-2fd9d09536e2"
ActionName = "backend_marketplace.Controllers.PropertiesController.RangeProperties (backend_marketplace)"
RequestId = "0HMVQLVP1V0JM:00000001"
RequestPath = "/api/properties/range"
ConnectionId = "0HMVQLVP1V0JM"

[11/12/2023 07:16:39 p. m. -06:00] Information: "Finaliza mapeo de propiedades"
SourceContext = "BusinessLogic.Services.PropertiesService"
ActionId = "2b31e1b3-7a4e-4e10-864d-2fd9d09536e2"
ActionName = "backend_marketplace.Controllers.PropertiesController.RangeProperties (backend_marketplace)"
RequestId = "0HMVQLVP1V0JM:00000001"
RequestPath = "/api/properties/range"
ConnectionId = "0HMVQLVP1V0JM"

[11/12/2023 07:16:39 p. m. -06:00] Information: "Se inicia obtencion de token servicio isi"
SourceContext = "BusinessLogic.Services.PropertiesService"
ActionId = "2b31e1b3-7a4e-4e10-864d-2fd9d09536e2"
ActionName = "backend_marketplace.Controllers.PropertiesController.RangeProperties (backend_marketplace)"
RequestId = "0HMVQLVP1V0JM:00000001"
RequestPath = "/api/properties/range"
ConnectionId = "0HMVQLVP1V0JM"

[11/12/2023 07:16:40 p. m. -06:00] Information: "Se obtiene de token servicio isi"
SourceContext = "BusinessLogic.Services.PropertiesService"
ActionId = "2b31e1b3-7a4e-4e10-864d-2fd9d09536e2"
ActionName = "backend_marketplace.Controllers.PropertiesController.RangeProperties (backend_marketplace)"
RequestId = "0HMVQLVP1V0JM:00000001"
RequestPath = "/api/properties/range"
ConnectionId = "0HMVQLVP1V0JM"

[11/12/2023 07:16:40 p. m. -06:00] Information: "Inicia obtención de status de credito"
SourceContext = "BusinessLogic.Services.PropertiesService"
ActionId = "2b31e1b3-7a4e-4e10-864d-2fd9d09536e2"
ActionName = "backend_marketplace.Controllers.PropertiesController.RangeProperties (backend_marketplace)"
RequestId = "0HMVQLVP1V0JM:00000001"
RequestPath = "/api/properties/range"
ConnectionId = "0HMVQLVP1V0JM"

[11/12/2023 07:16:56 p. m. -06:00] Information: "Propiedad no encontrada en isi 18528"
SourceContext = "BusinessLogic.Services.AzureBlobService"
ActionId = "2b31e1b3-7a4e-4e10-864d-2fd9d09536e2"
ActionName = "backend_marketplace.Controllers.PropertiesController.RangeProperties (backend_marketplace)"
RequestId = "0HMVQLVP1V0JM:00000001"
RequestPath = "/api/properties/range"
ConnectionId = "0HMVQLVP1V0JM"

[11/12/2023 07:16:57 p. m. -06:00] Information: "Propiedad no encontrada en isi 20524"
SourceContext = "BusinessLogic.Services.AzureBlobService"
ActionId = "2b31e1b3-7a4e-4e10-864d-2fd9d09536e2"
ActionName = "backend_marketplace.Controllers.PropertiesController.RangeProperties (backend_marketplace)"
RequestId = "0HMVQLVP1V0JM:00000001"
RequestPath = "/api/properties/range"
ConnectionId = "0HMVQLVP1V0JM"

[11/12/2023 07:16:58 p. m. -06:00] Error: "Response status code does not indicate success: 422 (Unprocessable Entity)."
SourceContext = "BusinessLogic.Services.AzureBlobService"
ActionId = "2b31e1b3-7a4e-4e10-864d-2fd9d09536e2"
ActionName = "backend_marketplace.Controllers.PropertiesController.RangeProperties (backend_marketplace)"
RequestId = "0HMVQLVP1V0JM:00000001"
RequestPath = "/api/properties/range"
ConnectionId = "0HMVQLVP1V0JM"

[11/12/2023 07:16:58 p. m. -06:00] Error: "Response status code does not indicate success: 422 (Unprocessable Entity)."
SourceContext = "BusinessLogic.Services.AzureBlobService"
ActionId = "2b31e1b3-7a4e-4e10-864d-2fd9d09536e2"
ActionName = "backend_marketplace.Controllers.PropertiesController.RangeProperties (backend_marketplace)"
RequestId = "0HMVQLVP1V0JM:00000001"
RequestPath = "/api/properties/range"
ConnectionId = "0HMVQLVP1V0JM"

[11/12/2023 07:16:59 p. m. -06:00] Error: "Response status code does not indicate success: 422 (Unprocessable Entity)."
SourceContext = "BusinessLogic.Services.AzureBlobService"
ActionId = "2b31e1b3-7a4e-4e10-864d-2fd9d09536e2"
ActionName = "backend_marketplace.Controllers.PropertiesController.RangeProperties (backend_marketplace)"
RequestId = "0HMVQLVP1V0JM:00000001"
RequestPath = "/api/properties/range"
ConnectionId = "0HMVQLVP1V0JM"

[11/12/2023 07:16:59 p. m. -06:00] Error: "Response status code does not indicate success: 422 (Unprocessable Entity)."
SourceContext = "BusinessLogic.Services.AzureBlobService"
ActionId = "2b31e1b3-7a4e-4e10-864d-2fd9d09536e2"
ActionName = "backend_marketplace.Controllers.PropertiesController.RangeProperties (backend_marketplace)"
RequestId = "0HMVQLVP1V0JM:00000001"
RequestPath = "/api/properties/range"
ConnectionId = "0HMVQLVP1V0JM"

[11/12/2023 07:16:59 p. m. -06:00] Error: "Response status code does not indicate success: 422 (Unprocessable Entity)."
SourceContext = "BusinessLogic.Services.AzureBlobService"
ActionId = "2b31e1b3-7a4e-4e10-864d-2fd9d09536e2"
ActionName = "backend_marketplace.Controllers.PropertiesController.RangeProperties (backend_marketplace)"
RequestId = "0HMVQLVP1V0JM:00000001"
RequestPath = "/api/properties/range"
ConnectionId = "0HMVQLVP1V0JM"

[11/12/2023 07:16:59 p. m. -06:00] Error: "Response status code does not indicate success: 422 (Unprocessable Entity)."
SourceContext = "BusinessLogic.Services.AzureBlobService"
ActionId = "2b31e1b3-7a4e-4e10-864d-2fd9d09536e2"
ActionName = "backend_marketplace.Controllers.PropertiesController.RangeProperties (backend_marketplace)"
RequestId = "0HMVQLVP1V0JM:00000001"
RequestPath = "/api/properties/range"
ConnectionId = "0HMVQLVP1V0JM"

[11/12/2023 07:17:04 p. m. -06:00] Information: "Finaliza obtención de status de credito 11/12/2023 07:17:04 p. m."
SourceContext = "BusinessLogic.Services.PropertiesService"
ActionId = "2b31e1b3-7a4e-4e10-864d-2fd9d09536e2"
ActionName = "backend_marketplace.Controllers.PropertiesController.RangeProperties (backend_marketplace)"
RequestId = "0HMVQLVP1V0JM:00000001"
RequestPath = "/api/properties/range"
ConnectionId = "0HMVQLVP1V0JM"

[11/12/2023 07:17:04 p. m. -06:00] Information: "****OK 11/12/2023 07:17:04 p. m."
SourceContext = "BusinessLogic.Services.PropertiesService"
ActionId = "2b31e1b3-7a4e-4e10-864d-2fd9d09536e2"
ActionName = "backend_marketplace.Controllers.PropertiesController.RangeProperties (backend_marketplace)"
RequestId = "0HMVQLVP1V0JM:00000001"
RequestPath = "/api/properties/range"
ConnectionId = "0HMVQLVP1V0JM"

[11/12/2023 07:17:04 p. m. -06:00] Information: "HTTP {RequestMethod} {RequestPath} responded {StatusCode} in {Elapsed:0.0000} ms"
RequestMethod = "POST"
RequestPath = "/api/properties/range"
StatusCode = 200
Elapsed = 32469.8459
SourceContext = "Serilog.AspNetCore.RequestLoggingMiddleware"

[11/12/2023 07:35:45 p. m. -06:00] Information: "Now listening on: {address}"
address = "https://localhost:7126"
EventId = { Id: 14, Name: "ListeningOnAddress" }
SourceContext = "Microsoft.Hosting.Lifetime"

[11/12/2023 07:35:45 p. m. -06:00] Information: "Now listening on: {address}"
address = "http://localhost:5126"
EventId = { Id: 14, Name: "ListeningOnAddress" }
SourceContext = "Microsoft.Hosting.Lifetime"

[11/12/2023 07:35:45 p. m. -06:00] Information: "Application started. Press Ctrl+C to shut down."
SourceContext = "Microsoft.Hosting.Lifetime"

[11/12/2023 07:35:45 p. m. -06:00] Information: "Hosting environment: {envName}"
envName = "QA"
SourceContext = "Microsoft.Hosting.Lifetime"

[11/12/2023 07:35:45 p. m. -06:00] Information: "Content root path: {contentRoot}"
contentRoot = "C:\Refactor\PortalPropiedadesBackend\backend_marketplace\"
SourceContext = "Microsoft.Hosting.Lifetime"

[11/12/2023 07:35:56 p. m. -06:00] Warning: "No store type was specified for the decimal property '{property}' on entity type '{entityType}'. This will cause values to be silently truncated if they do not fit in the default precision and scale. Explicitly specify the SQL server column type that can accommodate all the values in 'OnModelCreating' using 'HasColumnType', specify precision and scale using 'HasPrecision', or configure a value converter using 'HasConversion'."
property = "Price"
entityType = "SP_Get_Properties_Filter"
EventId = { Id: 30000, Name: "Microsoft.EntityFrameworkCore.Model.Validation.DecimalTypeDefaultWarning" }
SourceContext = "Microsoft.EntityFrameworkCore.Model.Validation"
ActionId = "60bd8280-e0b6-414d-9aa3-98dfa3b804e7"
ActionName = "backend_marketplace.Controllers.PropertiesController.RangeProperties (backend_marketplace)"
RequestId = "0HMVQMAKQOP8B:00000001"
RequestPath = "/api/properties/range"
ConnectionId = "0HMVQMAKQOP8B"

[11/12/2023 07:36:00 p. m. -06:00] Information: "Ingreso al api range"
SourceContext = "backend_marketplace.Controllers.PropertiesController"
ActionId = "60bd8280-e0b6-414d-9aa3-98dfa3b804e7"
ActionName = "backend_marketplace.Controllers.PropertiesController.RangeProperties (backend_marketplace)"
RequestId = "0HMVQMAKQOP8B:00000001"
RequestPath = "/api/properties/range"
ConnectionId = "0HMVQMAKQOP8B"

[11/12/2023 07:36:00 p. m. -06:00] Information: "Se obtiene Lista de propiedades"
SourceContext = "BusinessLogic.Services.PropertiesService"
ActionId = "60bd8280-e0b6-414d-9aa3-98dfa3b804e7"
ActionName = "backend_marketplace.Controllers.PropertiesController.RangeProperties (backend_marketplace)"
RequestId = "0HMVQMAKQOP8B:00000001"
RequestPath = "/api/properties/range"
ConnectionId = "0HMVQMAKQOP8B"

[11/12/2023 07:36:00 p. m. -06:00] Information: "Número de Propiedades obtenidas 859"
SourceContext = "BusinessLogic.Services.PropertiesService"
ActionId = "60bd8280-e0b6-414d-9aa3-98dfa3b804e7"
ActionName = "backend_marketplace.Controllers.PropertiesController.RangeProperties (backend_marketplace)"
RequestId = "0HMVQMAKQOP8B:00000001"
RequestPath = "/api/properties/range"
ConnectionId = "0HMVQMAKQOP8B"

[11/12/2023 07:36:00 p. m. -06:00] Information: "Inicia mapeo de propiedades 11/12/2023 07:36:00 p. m."
SourceContext = "BusinessLogic.Services.PropertiesService"
ActionId = "60bd8280-e0b6-414d-9aa3-98dfa3b804e7"
ActionName = "backend_marketplace.Controllers.PropertiesController.RangeProperties (backend_marketplace)"
RequestId = "0HMVQMAKQOP8B:00000001"
RequestPath = "/api/properties/range"
ConnectionId = "0HMVQMAKQOP8B"

[11/12/2023 07:36:03 p. m. -06:00] Information: "Finaliza mapeo de propiedades"
SourceContext = "BusinessLogic.Services.PropertiesService"
ActionId = "60bd8280-e0b6-414d-9aa3-98dfa3b804e7"
ActionName = "backend_marketplace.Controllers.PropertiesController.RangeProperties (backend_marketplace)"
RequestId = "0HMVQMAKQOP8B:00000001"
RequestPath = "/api/properties/range"
ConnectionId = "0HMVQMAKQOP8B"

[11/12/2023 07:36:03 p. m. -06:00] Information: "Se inicia obtencion de token servicio isi"
SourceContext = "BusinessLogic.Services.PropertiesService"
ActionId = "60bd8280-e0b6-414d-9aa3-98dfa3b804e7"
ActionName = "backend_marketplace.Controllers.PropertiesController.RangeProperties (backend_marketplace)"
RequestId = "0HMVQMAKQOP8B:00000001"
RequestPath = "/api/properties/range"
ConnectionId = "0HMVQMAKQOP8B"

[11/12/2023 07:36:04 p. m. -06:00] Information: "Se obtiene de token servicio isi"
SourceContext = "BusinessLogic.Services.PropertiesService"
ActionId = "60bd8280-e0b6-414d-9aa3-98dfa3b804e7"
ActionName = "backend_marketplace.Controllers.PropertiesController.RangeProperties (backend_marketplace)"
RequestId = "0HMVQMAKQOP8B:00000001"
RequestPath = "/api/properties/range"
ConnectionId = "0HMVQMAKQOP8B"

[11/12/2023 07:36:04 p. m. -06:00] Information: "Inicia obtención de status de credito"
SourceContext = "BusinessLogic.Services.PropertiesService"
ActionId = "60bd8280-e0b6-414d-9aa3-98dfa3b804e7"
ActionName = "backend_marketplace.Controllers.PropertiesController.RangeProperties (backend_marketplace)"
RequestId = "0HMVQMAKQOP8B:00000001"
RequestPath = "/api/properties/range"
ConnectionId = "0HMVQMAKQOP8B"

[11/12/2023 07:36:21 p. m. -06:00] Information: "Propiedad no encontrada en isi 18528"
SourceContext = "BusinessLogic.Services.AzureBlobService"
ActionId = "60bd8280-e0b6-414d-9aa3-98dfa3b804e7"
ActionName = "backend_marketplace.Controllers.PropertiesController.RangeProperties (backend_marketplace)"
RequestId = "0HMVQMAKQOP8B:00000001"
RequestPath = "/api/properties/range"
ConnectionId = "0HMVQMAKQOP8B"

[11/12/2023 07:36:21 p. m. -06:00] Information: "Propiedad no encontrada en isi 20524"
SourceContext = "BusinessLogic.Services.AzureBlobService"
ActionId = "60bd8280-e0b6-414d-9aa3-98dfa3b804e7"
ActionName = "backend_marketplace.Controllers.PropertiesController.RangeProperties (backend_marketplace)"
RequestId = "0HMVQMAKQOP8B:00000001"
RequestPath = "/api/properties/range"
ConnectionId = "0HMVQMAKQOP8B"

[11/12/2023 07:36:25 p. m. -06:00] Error: "Response status code does not indicate success: 422 (Unprocessable Entity)."
SourceContext = "BusinessLogic.Services.AzureBlobService"
ActionId = "60bd8280-e0b6-414d-9aa3-98dfa3b804e7"
ActionName = "backend_marketplace.Controllers.PropertiesController.RangeProperties (backend_marketplace)"
RequestId = "0HMVQMAKQOP8B:00000001"
RequestPath = "/api/properties/range"
ConnectionId = "0HMVQMAKQOP8B"

[11/12/2023 07:36:25 p. m. -06:00] Error: "Response status code does not indicate success: 422 (Unprocessable Entity)."
SourceContext = "BusinessLogic.Services.AzureBlobService"
ActionId = "60bd8280-e0b6-414d-9aa3-98dfa3b804e7"
ActionName = "backend_marketplace.Controllers.PropertiesController.RangeProperties (backend_marketplace)"
RequestId = "0HMVQMAKQOP8B:00000001"
RequestPath = "/api/properties/range"
ConnectionId = "0HMVQMAKQOP8B"

[11/12/2023 07:36:25 p. m. -06:00] Error: "Response status code does not indicate success: 422 (Unprocessable Entity)."
SourceContext = "BusinessLogic.Services.AzureBlobService"
ActionId = "60bd8280-e0b6-414d-9aa3-98dfa3b804e7"
ActionName = "backend_marketplace.Controllers.PropertiesController.RangeProperties (backend_marketplace)"
RequestId = "0HMVQMAKQOP8B:00000001"
RequestPath = "/api/properties/range"
ConnectionId = "0HMVQMAKQOP8B"

[11/12/2023 07:36:25 p. m. -06:00] Error: "Response status code does not indicate success: 422 (Unprocessable Entity)."
SourceContext = "BusinessLogic.Services.AzureBlobService"
ActionId = "60bd8280-e0b6-414d-9aa3-98dfa3b804e7"
ActionName = "backend_marketplace.Controllers.PropertiesController.RangeProperties (backend_marketplace)"
RequestId = "0HMVQMAKQOP8B:00000001"
RequestPath = "/api/properties/range"
ConnectionId = "0HMVQMAKQOP8B"

[11/12/2023 07:36:25 p. m. -06:00] Error: "Response status code does not indicate success: 422 (Unprocessable Entity)."
SourceContext = "BusinessLogic.Services.AzureBlobService"
ActionId = "60bd8280-e0b6-414d-9aa3-98dfa3b804e7"
ActionName = "backend_marketplace.Controllers.PropertiesController.RangeProperties (backend_marketplace)"
RequestId = "0HMVQMAKQOP8B:00000001"
RequestPath = "/api/properties/range"
ConnectionId = "0HMVQMAKQOP8B"

[11/12/2023 07:36:25 p. m. -06:00] Error: "Response status code does not indicate success: 422 (Unprocessable Entity)."
SourceContext = "BusinessLogic.Services.AzureBlobService"
ActionId = "60bd8280-e0b6-414d-9aa3-98dfa3b804e7"
ActionName = "backend_marketplace.Controllers.PropertiesController.RangeProperties (backend_marketplace)"
RequestId = "0HMVQMAKQOP8B:00000001"
RequestPath = "/api/properties/range"
ConnectionId = "0HMVQMAKQOP8B"

[11/12/2023 07:36:25 p. m. -06:00] Error: "Response status code does not indicate success: 422 (Unprocessable Entity)."
SourceContext = "BusinessLogic.Services.AzureBlobService"
ActionId = "60bd8280-e0b6-414d-9aa3-98dfa3b804e7"
ActionName = "backend_marketplace.Controllers.PropertiesController.RangeProperties (backend_marketplace)"
RequestId = "0HMVQMAKQOP8B:00000001"
RequestPath = "/api/properties/range"
ConnectionId = "0HMVQMAKQOP8B"

[11/12/2023 07:36:25 p. m. -06:00] Error: "Response status code does not indicate success: 422 (Unprocessable Entity)."
SourceContext = "BusinessLogic.Services.AzureBlobService"
ActionId = "60bd8280-e0b6-414d-9aa3-98dfa3b804e7"
ActionName = "backend_marketplace.Controllers.PropertiesController.RangeProperties (backend_marketplace)"
RequestId = "0HMVQMAKQOP8B:00000001"
RequestPath = "/api/properties/range"
ConnectionId = "0HMVQMAKQOP8B"

[11/12/2023 07:36:25 p. m. -06:00] Error: "Response status code does not indicate success: 422 (Unprocessable Entity)."
SourceContext = "BusinessLogic.Services.AzureBlobService"
ActionId = "60bd8280-e0b6-414d-9aa3-98dfa3b804e7"
ActionName = "backend_marketplace.Controllers.PropertiesController.RangeProperties (backend_marketplace)"
RequestId = "0HMVQMAKQOP8B:00000001"
RequestPath = "/api/properties/range"
ConnectionId = "0HMVQMAKQOP8B"

[11/12/2023 07:36:25 p. m. -06:00] Error: "Response status code does not indicate success: 422 (Unprocessable Entity)."
SourceContext = "BusinessLogic.Services.AzureBlobService"
ActionId = "60bd8280-e0b6-414d-9aa3-98dfa3b804e7"
ActionName = "backend_marketplace.Controllers.PropertiesController.RangeProperties (backend_marketplace)"
RequestId = "0HMVQMAKQOP8B:00000001"
RequestPath = "/api/properties/range"
ConnectionId = "0HMVQMAKQOP8B"

[11/12/2023 07:36:25 p. m. -06:00] Error: "Response status code does not indicate success: 422 (Unprocessable Entity)."
SourceContext = "BusinessLogic.Services.AzureBlobService"
ActionId = "60bd8280-e0b6-414d-9aa3-98dfa3b804e7"
ActionName = "backend_marketplace.Controllers.PropertiesController.RangeProperties (backend_marketplace)"
RequestId = "0HMVQMAKQOP8B:00000001"
RequestPath = "/api/properties/range"
ConnectionId = "0HMVQMAKQOP8B"

[11/12/2023 07:36:25 p. m. -06:00] Error: "Response status code does not indicate success: 422 (Unprocessable Entity)."
SourceContext = "BusinessLogic.Services.AzureBlobService"
ActionId = "60bd8280-e0b6-414d-9aa3-98dfa3b804e7"
ActionName = "backend_marketplace.Controllers.PropertiesController.RangeProperties (backend_marketplace)"
RequestId = "0HMVQMAKQOP8B:00000001"
RequestPath = "/api/properties/range"
ConnectionId = "0HMVQMAKQOP8B"

[11/12/2023 07:36:53 p. m. -06:00] Information: "Finaliza obtención de status de credito 11/12/2023 07:36:53 p. m."
SourceContext = "BusinessLogic.Services.PropertiesService"
ActionId = "60bd8280-e0b6-414d-9aa3-98dfa3b804e7"
ActionName = "backend_marketplace.Controllers.PropertiesController.RangeProperties (backend_marketplace)"
RequestId = "0HMVQMAKQOP8B:00000001"
RequestPath = "/api/properties/range"
ConnectionId = "0HMVQMAKQOP8B"

[11/12/2023 07:36:53 p. m. -06:00] Information: "****OK 11/12/2023 07:36:53 p. m."
SourceContext = "BusinessLogic.Services.PropertiesService"
ActionId = "60bd8280-e0b6-414d-9aa3-98dfa3b804e7"
ActionName = "backend_marketplace.Controllers.PropertiesController.RangeProperties (backend_marketplace)"
RequestId = "0HMVQMAKQOP8B:00000001"
RequestPath = "/api/properties/range"
ConnectionId = "0HMVQMAKQOP8B"

[11/12/2023 07:36:53 p. m. -06:00] Information: "HTTP {RequestMethod} {RequestPath} responded {StatusCode} in {Elapsed:0.0000} ms"
RequestMethod = "POST"
RequestPath = "/api/properties/range"
StatusCode = 200
Elapsed = 59487.6422
SourceContext = "Serilog.AspNetCore.RequestLoggingMiddleware"

[11/12/2023 07:38:27 p. m. -06:00] Information: "Ingreso al api range"
SourceContext = "backend_marketplace.Controllers.PropertiesController"
ActionId = "60bd8280-e0b6-414d-9aa3-98dfa3b804e7"
ActionName = "backend_marketplace.Controllers.PropertiesController.RangeProperties (backend_marketplace)"
RequestId = "0HMVQMAKQOP8B:00000003"
RequestPath = "/api/properties/range"
ConnectionId = "0HMVQMAKQOP8B"

[11/12/2023 07:38:27 p. m. -06:00] Information: "Se obtiene Lista de propiedades"
SourceContext = "BusinessLogic.Services.PropertiesService"
ActionId = "60bd8280-e0b6-414d-9aa3-98dfa3b804e7"
ActionName = "backend_marketplace.Controllers.PropertiesController.RangeProperties (backend_marketplace)"
RequestId = "0HMVQMAKQOP8B:00000003"
RequestPath = "/api/properties/range"
ConnectionId = "0HMVQMAKQOP8B"

[11/12/2023 07:38:27 p. m. -06:00] Information: "Número de Propiedades obtenidas 915"
SourceContext = "BusinessLogic.Services.PropertiesService"
ActionId = "60bd8280-e0b6-414d-9aa3-98dfa3b804e7"
ActionName = "backend_marketplace.Controllers.PropertiesController.RangeProperties (backend_marketplace)"
RequestId = "0HMVQMAKQOP8B:00000003"
RequestPath = "/api/properties/range"
ConnectionId = "0HMVQMAKQOP8B"

[11/12/2023 07:38:27 p. m. -06:00] Information: "Inicia mapeo de propiedades 11/12/2023 07:38:27 p. m."
SourceContext = "BusinessLogic.Services.PropertiesService"
ActionId = "60bd8280-e0b6-414d-9aa3-98dfa3b804e7"
ActionName = "backend_marketplace.Controllers.PropertiesController.RangeProperties (backend_marketplace)"
RequestId = "0HMVQMAKQOP8B:00000003"
RequestPath = "/api/properties/range"
ConnectionId = "0HMVQMAKQOP8B"

[11/12/2023 07:38:28 p. m. -06:00] Information: "Finaliza mapeo de propiedades"
SourceContext = "BusinessLogic.Services.PropertiesService"
ActionId = "60bd8280-e0b6-414d-9aa3-98dfa3b804e7"
ActionName = "backend_marketplace.Controllers.PropertiesController.RangeProperties (backend_marketplace)"
RequestId = "0HMVQMAKQOP8B:00000003"
RequestPath = "/api/properties/range"
ConnectionId = "0HMVQMAKQOP8B"

[11/12/2023 07:38:28 p. m. -06:00] Information: "Se inicia obtencion de token servicio isi"
SourceContext = "BusinessLogic.Services.PropertiesService"
ActionId = "60bd8280-e0b6-414d-9aa3-98dfa3b804e7"
ActionName = "backend_marketplace.Controllers.PropertiesController.RangeProperties (backend_marketplace)"
RequestId = "0HMVQMAKQOP8B:00000003"
RequestPath = "/api/properties/range"
ConnectionId = "0HMVQMAKQOP8B"

[11/12/2023 07:38:28 p. m. -06:00] Information: "Se obtiene de token servicio isi"
SourceContext = "BusinessLogic.Services.PropertiesService"
ActionId = "60bd8280-e0b6-414d-9aa3-98dfa3b804e7"
ActionName = "backend_marketplace.Controllers.PropertiesController.RangeProperties (backend_marketplace)"
RequestId = "0HMVQMAKQOP8B:00000003"
RequestPath = "/api/properties/range"
ConnectionId = "0HMVQMAKQOP8B"

[11/12/2023 07:38:28 p. m. -06:00] Information: "Inicia obtención de status de credito"
SourceContext = "BusinessLogic.Services.PropertiesService"
ActionId = "60bd8280-e0b6-414d-9aa3-98dfa3b804e7"
ActionName = "backend_marketplace.Controllers.PropertiesController.RangeProperties (backend_marketplace)"
RequestId = "0HMVQMAKQOP8B:00000003"
RequestPath = "/api/properties/range"
ConnectionId = "0HMVQMAKQOP8B"

[11/12/2023 07:38:45 p. m. -06:00] Information: "Propiedad no encontrada en isi 18528"
SourceContext = "BusinessLogic.Services.AzureBlobService"
ActionId = "60bd8280-e0b6-414d-9aa3-98dfa3b804e7"
ActionName = "backend_marketplace.Controllers.PropertiesController.RangeProperties (backend_marketplace)"
RequestId = "0HMVQMAKQOP8B:00000003"
RequestPath = "/api/properties/range"
ConnectionId = "0HMVQMAKQOP8B"

[11/12/2023 07:38:45 p. m. -06:00] Information: "Propiedad no encontrada en isi 123123"
SourceContext = "BusinessLogic.Services.AzureBlobService"
ActionId = "60bd8280-e0b6-414d-9aa3-98dfa3b804e7"
ActionName = "backend_marketplace.Controllers.PropertiesController.RangeProperties (backend_marketplace)"
RequestId = "0HMVQMAKQOP8B:00000003"
RequestPath = "/api/properties/range"
ConnectionId = "0HMVQMAKQOP8B"

[11/12/2023 07:38:46 p. m. -06:00] Error: "Response status code does not indicate success: 422 (Unprocessable Entity)."
SourceContext = "BusinessLogic.Services.AzureBlobService"
ActionId = "60bd8280-e0b6-414d-9aa3-98dfa3b804e7"
ActionName = "backend_marketplace.Controllers.PropertiesController.RangeProperties (backend_marketplace)"
RequestId = "0HMVQMAKQOP8B:00000003"
RequestPath = "/api/properties/range"
ConnectionId = "0HMVQMAKQOP8B"

[11/12/2023 07:38:46 p. m. -06:00] Error: "Response status code does not indicate success: 422 (Unprocessable Entity)."
SourceContext = "BusinessLogic.Services.AzureBlobService"
ActionId = "60bd8280-e0b6-414d-9aa3-98dfa3b804e7"
ActionName = "backend_marketplace.Controllers.PropertiesController.RangeProperties (backend_marketplace)"
RequestId = "0HMVQMAKQOP8B:00000003"
RequestPath = "/api/properties/range"
ConnectionId = "0HMVQMAKQOP8B"

[11/12/2023 07:38:47 p. m. -06:00] Error: "Response status code does not indicate success: 422 (Unprocessable Entity)."
SourceContext = "BusinessLogic.Services.AzureBlobService"
ActionId = "60bd8280-e0b6-414d-9aa3-98dfa3b804e7"
ActionName = "backend_marketplace.Controllers.PropertiesController.RangeProperties (backend_marketplace)"
RequestId = "0HMVQMAKQOP8B:00000003"
RequestPath = "/api/properties/range"
ConnectionId = "0HMVQMAKQOP8B"

[11/12/2023 07:38:47 p. m. -06:00] Error: "Response status code does not indicate success: 422 (Unprocessable Entity)."
SourceContext = "BusinessLogic.Services.AzureBlobService"
ActionId = "60bd8280-e0b6-414d-9aa3-98dfa3b804e7"
ActionName = "backend_marketplace.Controllers.PropertiesController.RangeProperties (backend_marketplace)"
RequestId = "0HMVQMAKQOP8B:00000003"
RequestPath = "/api/properties/range"
ConnectionId = "0HMVQMAKQOP8B"

[11/12/2023 07:38:53 p. m. -06:00] Information: "Finaliza obtención de status de credito 11/12/2023 07:38:53 p. m."
SourceContext = "BusinessLogic.Services.PropertiesService"
ActionId = "60bd8280-e0b6-414d-9aa3-98dfa3b804e7"
ActionName = "backend_marketplace.Controllers.PropertiesController.RangeProperties (backend_marketplace)"
RequestId = "0HMVQMAKQOP8B:00000003"
RequestPath = "/api/properties/range"
ConnectionId = "0HMVQMAKQOP8B"

[11/12/2023 07:38:53 p. m. -06:00] Information: "****OK 11/12/2023 07:38:53 p. m."
SourceContext = "BusinessLogic.Services.PropertiesService"
ActionId = "60bd8280-e0b6-414d-9aa3-98dfa3b804e7"
ActionName = "backend_marketplace.Controllers.PropertiesController.RangeProperties (backend_marketplace)"
RequestId = "0HMVQMAKQOP8B:00000003"
RequestPath = "/api/properties/range"
ConnectionId = "0HMVQMAKQOP8B"

[11/12/2023 07:38:53 p. m. -06:00] Information: "HTTP {RequestMethod} {RequestPath} responded {StatusCode} in {Elapsed:0.0000} ms"
RequestMethod = "POST"
RequestPath = "/api/properties/range"
StatusCode = 200
Elapsed = 26332.5707
SourceContext = "Serilog.AspNetCore.RequestLoggingMiddleware"

